#
# There is insufficient memory for the Java Runtime Environment to continue.
# Native memory allocation (malloc) failed to allocate 2066416 bytes for Chunk::new
# Possible reasons:
#   The system is out of physical RAM or swap space
#   The process is running with CompressedOops enabled, and the Java Heap may be blocking the growth of the native heap
# Possible solutions:
#   Reduce memory load on the system
#   Increase physical memory or swap space
#   Check if swap backing store is full
#   Decrease Java heap size (-Xmx/-Xms)
#   Decrease number of Java threads
#   Decrease Java thread stack sizes (-Xss)
#   Set larger code cache with -XX:ReservedCodeCacheSize=
#   JVM is running with Zero Based Compressed Oops mode in which the Java heap is
#     placed in the first 32GB address space. The Java Heap base address is the
#     maximum limit for the native heap growth. Please use -XX:HeapBaseMinAddress
#     to set the Java Heap base and to place the Java Heap above 32GB virtual address.
# This output file may be truncated or incomplete.
#
#  Out of Memory Error (t:/workspace/open/src/hotspot/share/memory/arena.cpp:197), pid=26556, tid=25120
#
# JRE version: Java(TM) SE Runtime Environment (11.0+28) (build 11+28)
# Java VM: Java HotSpot(TM) 64-Bit Server VM (11+28, mixed mode, tiered, compressed oops, g1 gc, windows-amd64)
# No core dump will be written. Minidumps are not enabled by default on client versions of Windows
#

---------------  S U M M A R Y ------------

Command Line: -ea -Didea.test.cyclic.buffer.size=1048576 -javaagent:C:\Program Files\JetBrains\IntelliJ IDEA 2020.2.1\lib\idea_rt.jar=63422:C:\Program Files\JetBrains\IntelliJ IDEA 2020.2.1\bin -Dfile.encoding=UTF-8 com.intellij.rt.junit.JUnitStarter -ideVersion5 -junit5 es.upm.miw.apaw_practice.adapters.mongodb.article.daos.AuthorEntityRepositoryIT

Host: Intel(R) Core(TM) i7-8750H CPU @ 2.20GHz, 12 cores, 15G,  Windows 10 , 64 bit Build 18362 (10.0.18362.1082)
Time: Tue Oct 13 19:48:48 2020 ?D1¨²¡À¨º¡Á?¨º¡À?? elapsed time: 4 seconds (0d 0h 0m 4s)

---------------  T H R E A D  ---------------

Current thread (0x000001e8cec17800):  JavaThread "C2 CompilerThread2" daemon [_thread_in_native, id=25120, stack(0x000000a28c100000,0x000000a28c200000)]


Current CompileTask:
C2:   4253 3900       4       org.springframework.beans.factory.support.AbstractBeanFactory::isTypeMatch (607 bytes)

Stack: [0x000000a28c100000,0x000000a28c200000]
Native frames: (J=compiled Java code, j=interpreted, Vv=VM code, C=native code)
V  [jvm.dll+0x63c22a]
V  [jvm.dll+0x7797ef]
V  [jvm.dll+0x77adda]
V  [jvm.dll+0x77b493]
V  [jvm.dll+0x262818]
V  [jvm.dll+0xc5c71]
V  [jvm.dll+0xc61fc]
V  [jvm.dll+0x36f927]
V  [jvm.dll+0x33c6d3]
V  [jvm.dll+0x33baaa]
V  [jvm.dll+0x21c7e5]
V  [jvm.dll+0x21b98a]
V  [jvm.dll+0x198390]
V  [jvm.dll+0x22a99f]
V  [jvm.dll+0x228fb8]
V  [jvm.dll+0x73f04d]
V  [jvm.dll+0x63b2c2]
C  [ucrtbase.dll+0x20e82]
C  [KERNEL32.DLL+0x17bd4]
C  [ntdll.dll+0x6ce51]


---------------  P R O C E S S  ---------------

Threads class SMR info:
_java_thread_list=0x000001e8ceeba110, length=13, elements={
0x000001e8a59c1800, 0x000001e8cbe18000, 0x000001e8cbe3d000, 0x000001e8cbeaf800,
0x000001e8cbeb1000, 0x000001e8cbeb3000, 0x000001e8cbeba000, 0x000001e8cbeea800,
0x000001e8cc052800, 0x000001e8cc2ed000, 0x000001e8cc145800, 0x000001e8cd312800,
0x000001e8cec17800
}

Java Threads: ( => current thread )
  0x000001e8a59c1800 JavaThread "main" [_thread_in_vm, id=40988, stack(0x000000a28ae00000,0x000000a28af00000)]
  0x000001e8cbe18000 JavaThread "Reference Handler" daemon [_thread_blocked, id=39824, stack(0x000000a28b500000,0x000000a28b600000)]
  0x000001e8cbe3d000 JavaThread "Finalizer" daemon [_thread_blocked, id=39692, stack(0x000000a28b600000,0x000000a28b700000)]
  0x000001e8cbeaf800 JavaThread "Signal Dispatcher" daemon [_thread_blocked, id=42476, stack(0x000000a28b700000,0x000000a28b800000)]
  0x000001e8cbeb1000 JavaThread "Attach Listener" daemon [_thread_blocked, id=37164, stack(0x000000a28b800000,0x000000a28b900000)]
  0x000001e8cbeb3000 JavaThread "C2 CompilerThread0" daemon [_thread_blocked, id=29168, stack(0x000000a28b900000,0x000000a28ba00000)]
  0x000001e8cbeba000 JavaThread "C1 CompilerThread0" daemon [_thread_blocked, id=38388, stack(0x000000a28ba00000,0x000000a28bb00000)]
  0x000001e8cbeea800 JavaThread "Sweeper thread" daemon [_thread_blocked, id=43352, stack(0x000000a28bb00000,0x000000a28bc00000)]
  0x000001e8cc052800 JavaThread "Common-Cleaner" daemon [_thread_blocked, id=44212, stack(0x000000a28bc00000,0x000000a28bd00000)]
  0x000001e8cc2ed000 JavaThread "Monitor Ctrl-Break" daemon [_thread_in_native, id=32308, stack(0x000000a28be00000,0x000000a28bf00000)]
  0x000001e8cc145800 JavaThread "Service Thread" daemon [_thread_blocked, id=42160, stack(0x000000a28bf00000,0x000000a28c000000)]
  0x000001e8cd312800 JavaThread "C2 CompilerThread1" daemon [_thread_in_native, id=35784, stack(0x000000a28bd00000,0x000000a28be00000)]
=>0x000001e8cec17800 JavaThread "C2 CompilerThread2" daemon [_thread_in_native, id=25120, stack(0x000000a28c100000,0x000000a28c200000)]

Other Threads:
  0x000001e8cb57b800 VMThread "VM Thread" [stack: 0x000000a28b400000,0x000000a28b500000] [id=41656]
  0x000001e8cc200800 WatcherThread [stack: 0x000000a28c000000,0x000000a28c100000] [id=40392]
  0x000001e8a59d8800 GCTaskThread "GC Thread#0" [stack: 0x000000a28af00000,0x000000a28b000000] [id=21304]
  0x000001e8ccf76800 GCTaskThread "GC Thread#1" [stack: 0x000000a28c200000,0x000000a28c300000] [id=36420]
  0x000001e8cc88c800 GCTaskThread "GC Thread#2" [stack: 0x000000a28c300000,0x000000a28c400000] [id=34956]
  0x000001e8ccf2f800 GCTaskThread "GC Thread#3" [stack: 0x000000a28c400000,0x000000a28c500000] [id=44184]
  0x000001e8ccf30800 GCTaskThread "GC Thread#4" [stack: 0x000000a28c500000,0x000000a28c600000] [id=42192]
  0x000001e8cccd6000 GCTaskThread "GC Thread#5" [stack: 0x000000a28c600000,0x000000a28c700000] [id=42264]
  0x000001e8a5a35000 ConcurrentGCThread "G1 Main Marker" [stack: 0x000000a28b000000,0x000000a28b100000] [id=41740]
  0x000001e8a5a37800 ConcurrentGCThread "G1 Conc#0" [stack: 0x000000a28b100000,0x000000a28b200000] [id=43296]
  0x000001e8cd842800 ConcurrentGCThread "G1 Conc#1" [stack: 0x000000a28c700000,0x000000a28c800000] [id=31620]
  0x000001e8cc8f4000 ConcurrentGCThread "G1 Conc#2" [stack: 0x000000a28c800000,0x000000a28c900000] [id=36656]
  0x000001e8cb46b800 ConcurrentGCThread "G1 Refine#0" [stack: 0x000000a28b200000,0x000000a28b300000] [id=30160]
  0x000001e8cb46c800 ConcurrentGCThread "G1 Young RemSet Sampling" [stack: 0x000000a28b300000,0x000000a28b400000] [id=44256]

Threads with active compile tasks:
C2 CompilerThread14060       4       jdk.internal.reflect.ClassFileAssembler::emitConstantPoolUTF8 (50 bytes)
C2 CompilerThread23900       4       org.springframework.beans.factory.support.AbstractBeanFactory::isTypeMatch (607 bytes)

VM state:not at safepoint (normal execution)

VM Mutex/Monitor currently owned by a thread: None

Heap address: 0x0000000702600000, size: 4058 MB, Compressed Oops mode: Zero based, Oop shift amount: 3
Narrow klass base: 0x0000000800000000, Narrow klass shift: 0
Compressed class space size: 1073741824 Address: 0x0000000800000000

Heap:
 garbage-first heap   total 260096K, used 52941K [0x0000000702600000, 0x0000000800000000)
  region size 1024K, 45 young (46080K), 9 survivors (9216K)
 Metaspace       used 37273K, capacity 38272K, committed 38476K, reserved 1083392K
  class space    used 4483K, capacity 4878K, committed 4940K, reserved 1048576K
Heap Regions: E=young(eden), S=young(survivor), O=old, HS=humongous(starts), HC=humongous(continues), CS=collection set, F=free, A=archive, TAMS=top-at-mark-start (previous, next)
|   0|0x0000000702600000, 0x0000000702700000, 0x0000000702700000|100%| O|  |TAMS 0x0000000702700000, 0x0000000702600000| Untracked 
|   1|0x0000000702700000, 0x0000000702800000, 0x0000000702800000|100%| O|  |TAMS 0x0000000702800000, 0x0000000702700000| Untracked 
|   2|0x0000000702800000, 0x0000000702900000, 0x0000000702900000|100%| O|  |TAMS 0x0000000702900000, 0x0000000702800000| Untracked 
|   3|0x0000000702900000, 0x0000000702a00000, 0x0000000702a00000|100%| O|  |TAMS 0x0000000702a00000, 0x0000000702900000| Untracked 
|   4|0x0000000702a00000, 0x0000000702b00000, 0x0000000702b00000|100%| O|  |TAMS 0x0000000702b00000, 0x0000000702a00000| Untracked 
|   5|0x0000000702b00000, 0x0000000702c00000, 0x0000000702c00000|100%| O|  |TAMS 0x0000000702c00000, 0x0000000702b00000| Untracked 
|   6|0x0000000702c00000, 0x0000000702d00000, 0x0000000702d00000|100%| O|  |TAMS 0x0000000702d00000, 0x0000000702c00000| Untracked 
|   7|0x0000000702d00000, 0x0000000702e00000, 0x0000000702e00000|100%| O|  |TAMS 0x0000000702e00000, 0x0000000702d00000| Untracked 
|   8|0x0000000702e00000, 0x0000000702e48e00, 0x0000000702f00000| 28%| O|  |TAMS 0x0000000702e48e00, 0x0000000702e00000| Untracked 
|   9|0x0000000702f00000, 0x0000000702f00000, 0x0000000703000000|  0%| F|  |TAMS 0x0000000702f00000, 0x0000000702f00000| Untracked 
|  10|0x0000000703000000, 0x0000000703000000, 0x0000000703100000|  0%| F|  |TAMS 0x0000000703000000, 0x0000000703000000| Untracked 
|  11|0x0000000703100000, 0x0000000703100000, 0x0000000703200000|  0%| F|  |TAMS 0x0000000703100000, 0x0000000703100000| Untracked 
|  12|0x0000000703200000, 0x0000000703200000, 0x0000000703300000|  0%| F|  |TAMS 0x0000000703200000, 0x0000000703200000| Untracked 
|  13|0x0000000703300000, 0x0000000703300000, 0x0000000703400000|  0%| F|  |TAMS 0x0000000703300000, 0x0000000703300000| Untracked 
|  14|0x0000000703400000, 0x0000000703400000, 0x0000000703500000|  0%| F|  |TAMS 0x0000000703400000, 0x0000000703400000| Untracked 
|  15|0x0000000703500000, 0x0000000703500000, 0x0000000703600000|  0%| F|  |TAMS 0x0000000703500000, 0x0000000703500000| Untracked 
|  16|0x0000000703600000, 0x0000000703600000, 0x0000000703700000|  0%| F|  |TAMS 0x0000000703600000, 0x0000000703600000| Untracked 
|  17|0x0000000703700000, 0x0000000703700000, 0x0000000703800000|  0%| F|  |TAMS 0x0000000703700000, 0x0000000703700000| Untracked 
|  18|0x0000000703800000, 0x0000000703800000, 0x0000000703900000|  0%| F|  |TAMS 0x0000000703800000, 0x0000000703800000| Untracked 
|  19|0x0000000703900000, 0x0000000703900000, 0x0000000703a00000|  0%| F|  |TAMS 0x0000000703900000, 0x0000000703900000| Untracked 
|  20|0x0000000703a00000, 0x0000000703a00000, 0x0000000703b00000|  0%| F|  |TAMS 0x0000000703a00000, 0x0000000703a00000| Untracked 
|  21|0x0000000703b00000, 0x0000000703b00000, 0x0000000703c00000|  0%| F|  |TAMS 0x0000000703b00000, 0x0000000703b00000| Untracked 
|  22|0x0000000703c00000, 0x0000000703c00000, 0x0000000703d00000|  0%| F|  |TAMS 0x0000000703c00000, 0x0000000703c00000| Untracked 
|  23|0x0000000703d00000, 0x0000000703d00000, 0x0000000703e00000|  0%| F|  |TAMS 0x0000000703d00000, 0x0000000703d00000| Untracked 
|  24|0x0000000703e00000, 0x0000000703e00000, 0x0000000703f00000|  0%| F|  |TAMS 0x0000000703e00000, 0x0000000703e00000| Untracked 
|  25|0x0000000703f00000, 0x0000000703f00000, 0x0000000704000000|  0%| F|  |TAMS 0x0000000703f00000, 0x0000000703f00000| Untracked 
|  26|0x0000000704000000, 0x0000000704000000, 0x0000000704100000|  0%| F|  |TAMS 0x0000000704000000, 0x0000000704000000| Untracked 
|  27|0x0000000704100000, 0x0000000704100000, 0x0000000704200000|  0%| F|  |TAMS 0x0000000704100000, 0x0000000704100000| Untracked 
|  28|0x0000000704200000, 0x0000000704200000, 0x0000000704300000|  0%| F|  |TAMS 0x0000000704200000, 0x0000000704200000| Untracked 
|  29|0x0000000704300000, 0x0000000704300000, 0x0000000704400000|  0%| F|  |TAMS 0x0000000704300000, 0x0000000704300000| Untracked 
|  30|0x0000000704400000, 0x0000000704400000, 0x0000000704500000|  0%| F|  |TAMS 0x0000000704400000, 0x0000000704400000| Untracked 
|  31|0x0000000704500000, 0x0000000704500000, 0x0000000704600000|  0%| F|  |TAMS 0x0000000704500000, 0x0000000704500000| Untracked 
|  32|0x0000000704600000, 0x0000000704600000, 0x0000000704700000|  0%| F|  |TAMS 0x0000000704600000, 0x0000000704600000| Untracked 
|  33|0x0000000704700000, 0x0000000704700000, 0x0000000704800000|  0%| F|  |TAMS 0x0000000704700000, 0x0000000704700000| Untracked 
|  34|0x0000000704800000, 0x0000000704800000, 0x0000000704900000|  0%| F|  |TAMS 0x0000000704800000, 0x0000000704800000| Untracked 
|  35|0x0000000704900000, 0x0000000704900000, 0x0000000704a00000|  0%| F|  |TAMS 0x0000000704900000, 0x0000000704900000| Untracked 
|  36|0x0000000704a00000, 0x0000000704a00000, 0x0000000704b00000|  0%| F|  |TAMS 0x0000000704a00000, 0x0000000704a00000| Untracked 
|  37|0x0000000704b00000, 0x0000000704b00000, 0x0000000704c00000|  0%| F|  |TAMS 0x0000000704b00000, 0x0000000704b00000| Untracked 
|  38|0x0000000704c00000, 0x0000000704c00000, 0x0000000704d00000|  0%| F|  |TAMS 0x0000000704c00000, 0x0000000704c00000| Untracked 
|  39|0x0000000704d00000, 0x0000000704d00000, 0x0000000704e00000|  0%| F|  |TAMS 0x0000000704d00000, 0x0000000704d00000| Untracked 
|  40|0x0000000704e00000, 0x0000000704e00000, 0x0000000704f00000|  0%| F|  |TAMS 0x0000000704e00000, 0x0000000704e00000| Untracked 
|  41|0x0000000704f00000, 0x0000000704f00000, 0x0000000705000000|  0%| F|  |TAMS 0x0000000704f00000, 0x0000000704f00000| Untracked 
|  42|0x0000000705000000, 0x0000000705000000, 0x0000000705100000|  0%| F|  |TAMS 0x0000000705000000, 0x0000000705000000| Untracked 
|  43|0x0000000705100000, 0x0000000705100000, 0x0000000705200000|  0%| F|  |TAMS 0x0000000705100000, 0x0000000705100000| Untracked 
|  44|0x0000000705200000, 0x0000000705200000, 0x0000000705300000|  0%| F|  |TAMS 0x0000000705200000, 0x0000000705200000| Untracked 
|  45|0x0000000705300000, 0x0000000705300000, 0x0000000705400000|  0%| F|  |TAMS 0x0000000705300000, 0x0000000705300000| Untracked 
|  46|0x0000000705400000, 0x0000000705400000, 0x0000000705500000|  0%| F|  |TAMS 0x0000000705400000, 0x0000000705400000| Untracked 
|  47|0x0000000705500000, 0x0000000705500000, 0x0000000705600000|  0%| F|  |TAMS 0x0000000705500000, 0x0000000705500000| Untracked 
|  48|0x0000000705600000, 0x0000000705600000, 0x0000000705700000|  0%| F|  |TAMS 0x0000000705600000, 0x0000000705600000| Untracked 
|  49|0x0000000705700000, 0x0000000705700000, 0x0000000705800000|  0%| F|  |TAMS 0x0000000705700000, 0x0000000705700000| Untracked 
|  50|0x0000000705800000, 0x0000000705800000, 0x0000000705900000|  0%| F|  |TAMS 0x0000000705800000, 0x0000000705800000| Untracked 
|  51|0x0000000705900000, 0x0000000705900000, 0x0000000705a00000|  0%| F|  |TAMS 0x0000000705900000, 0x0000000705900000| Untracked 
|  52|0x0000000705a00000, 0x0000000705a00000, 0x0000000705b00000|  0%| F|  |TAMS 0x0000000705a00000, 0x0000000705a00000| Untracked 
|  53|0x0000000705b00000, 0x0000000705b00000, 0x0000000705c00000|  0%| F|  |TAMS 0x0000000705b00000, 0x0000000705b00000| Untracked 
|  54|0x0000000705c00000, 0x0000000705c00000, 0x0000000705d00000|  0%| F|  |TAMS 0x0000000705c00000, 0x0000000705c00000| Untracked 
|  55|0x0000000705d00000, 0x0000000705d00000, 0x0000000705e00000|  0%| F|  |TAMS 0x0000000705d00000, 0x0000000705d00000| Untracked 
|  56|0x0000000705e00000, 0x0000000705e00000, 0x0000000705f00000|  0%| F|  |TAMS 0x0000000705e00000, 0x0000000705e00000| Untracked 
|  57|0x0000000705f00000, 0x0000000705f00000, 0x0000000706000000|  0%| F|  |TAMS 0x0000000705f00000, 0x0000000705f00000| Untracked 
|  58|0x0000000706000000, 0x0000000706000000, 0x0000000706100000|  0%| F|  |TAMS 0x0000000706000000, 0x0000000706000000| Untracked 
|  59|0x0000000706100000, 0x0000000706100000, 0x0000000706200000|  0%| F|  |TAMS 0x0000000706100000, 0x0000000706100000| Untracked 
|  60|0x0000000706200000, 0x0000000706200000, 0x0000000706300000|  0%| F|  |TAMS 0x0000000706200000, 0x0000000706200000| Untracked 
|  61|0x0000000706300000, 0x0000000706300000, 0x0000000706400000|  0%| F|  |TAMS 0x0000000706300000, 0x0000000706300000| Untracked 
|  62|0x0000000706400000, 0x0000000706400000, 0x0000000706500000|  0%| F|  |TAMS 0x0000000706400000, 0x0000000706400000| Untracked 
|  63|0x0000000706500000, 0x0000000706500000, 0x0000000706600000|  0%| F|  |TAMS 0x0000000706500000, 0x0000000706500000| Untracked 
|  64|0x0000000706600000, 0x0000000706600000, 0x0000000706700000|  0%| F|  |TAMS 0x0000000706600000, 0x0000000706600000| Untracked 
|  65|0x0000000706700000, 0x0000000706700000, 0x0000000706800000|  0%| F|  |TAMS 0x0000000706700000, 0x0000000706700000| Untracked 
|  66|0x0000000706800000, 0x0000000706800000, 0x0000000706900000|  0%| F|  |TAMS 0x0000000706800000, 0x0000000706800000| Untracked 
|  67|0x0000000706900000, 0x0000000706900000, 0x0000000706a00000|  0%| F|  |TAMS 0x0000000706900000, 0x0000000706900000| Untracked 
|  68|0x0000000706a00000, 0x0000000706a00000, 0x0000000706b00000|  0%| F|  |TAMS 0x0000000706a00000, 0x0000000706a00000| Untracked 
|  69|0x0000000706b00000, 0x0000000706b00000, 0x0000000706c00000|  0%| F|  |TAMS 0x0000000706b00000, 0x0000000706b00000| Untracked 
|  70|0x0000000706c00000, 0x0000000706c00000, 0x0000000706d00000|  0%| F|  |TAMS 0x0000000706c00000, 0x0000000706c00000| Untracked 
|  71|0x0000000706d00000, 0x0000000706d00000, 0x0000000706e00000|  0%| F|  |TAMS 0x0000000706d00000, 0x0000000706d00000| Untracked 
|  72|0x0000000706e00000, 0x0000000706e00000, 0x0000000706f00000|  0%| F|  |TAMS 0x0000000706e00000, 0x0000000706e00000| Untracked 
|  73|0x0000000706f00000, 0x0000000706f00000, 0x0000000707000000|  0%| F|  |TAMS 0x0000000706f00000, 0x0000000706f00000| Untracked 
|  74|0x0000000707000000, 0x0000000707000000, 0x0000000707100000|  0%| F|  |TAMS 0x0000000707000000, 0x0000000707000000| Untracked 
|  75|0x0000000707100000, 0x0000000707100000, 0x0000000707200000|  0%| F|  |TAMS 0x0000000707100000, 0x0000000707100000| Untracked 
|  76|0x0000000707200000, 0x0000000707200000, 0x0000000707300000|  0%| F|  |TAMS 0x0000000707200000, 0x0000000707200000| Untracked 
|  77|0x0000000707300000, 0x0000000707300000, 0x0000000707400000|  0%| F|  |TAMS 0x0000000707300000, 0x0000000707300000| Untracked 
|  78|0x0000000707400000, 0x0000000707400000, 0x0000000707500000|  0%| F|  |TAMS 0x0000000707400000, 0x0000000707400000| Untracked 
|  79|0x0000000707500000, 0x0000000707500000, 0x0000000707600000|  0%| F|  |TAMS 0x0000000707500000, 0x0000000707500000| Untracked 
|  80|0x0000000707600000, 0x0000000707600000, 0x0000000707700000|  0%| F|  |TAMS 0x0000000707600000, 0x0000000707600000| Untracked 
|  81|0x0000000707700000, 0x0000000707700000, 0x0000000707800000|  0%| F|  |TAMS 0x0000000707700000, 0x0000000707700000| Untracked 
|  82|0x0000000707800000, 0x0000000707800000, 0x0000000707900000|  0%| F|  |TAMS 0x0000000707800000, 0x0000000707800000| Untracked 
|  83|0x0000000707900000, 0x0000000707900000, 0x0000000707a00000|  0%| F|  |TAMS 0x0000000707900000, 0x0000000707900000| Untracked 
|  84|0x0000000707a00000, 0x0000000707a00000, 0x0000000707b00000|  0%| F|  |TAMS 0x0000000707a00000, 0x0000000707a00000| Untracked 
|  85|0x0000000707b00000, 0x0000000707b00000, 0x0000000707c00000|  0%| F|  |TAMS 0x0000000707b00000, 0x0000000707b00000| Untracked 
|  86|0x0000000707c00000, 0x0000000707c00000, 0x0000000707d00000|  0%| F|  |TAMS 0x0000000707c00000, 0x0000000707c00000| Untracked 
|  87|0x0000000707d00000, 0x0000000707d00000, 0x0000000707e00000|  0%| F|  |TAMS 0x0000000707d00000, 0x0000000707d00000| Untracked 
|  88|0x0000000707e00000, 0x0000000707e00000, 0x0000000707f00000|  0%| F|  |TAMS 0x0000000707e00000, 0x0000000707e00000| Untracked 
|  89|0x0000000707f00000, 0x0000000707f00000, 0x0000000708000000|  0%| F|  |TAMS 0x0000000707f00000, 0x0000000707f00000| Untracked 
|  90|0x0000000708000000, 0x0000000708000000, 0x0000000708100000|  0%| F|  |TAMS 0x0000000708000000, 0x0000000708000000| Untracked 
|  91|0x0000000708100000, 0x0000000708100000, 0x0000000708200000|  0%| F|  |TAMS 0x0000000708100000, 0x0000000708100000| Untracked 
|  92|0x0000000708200000, 0x0000000708200000, 0x0000000708300000|  0%| F|  |TAMS 0x0000000708200000, 0x0000000708200000| Untracked 
|  93|0x0000000708300000, 0x0000000708300000, 0x0000000708400000|  0%| F|  |TAMS 0x0000000708300000, 0x0000000708300000| Untracked 
|  94|0x0000000708400000, 0x0000000708400000, 0x0000000708500000|  0%| F|  |TAMS 0x0000000708400000, 0x0000000708400000| Untracked 
|  95|0x0000000708500000, 0x0000000708500000, 0x0000000708600000|  0%| F|  |TAMS 0x0000000708500000, 0x0000000708500000| Untracked 
|  96|0x0000000708600000, 0x0000000708600000, 0x0000000708700000|  0%| F|  |TAMS 0x0000000708600000, 0x0000000708600000| Untracked 
|  97|0x0000000708700000, 0x0000000708700000, 0x0000000708800000|  0%| F|  |TAMS 0x0000000708700000, 0x0000000708700000| Untracked 
|  98|0x0000000708800000, 0x0000000708800000, 0x0000000708900000|  0%| F|  |TAMS 0x0000000708800000, 0x0000000708800000| Untracked 
|  99|0x0000000708900000, 0x0000000708900000, 0x0000000708a00000|  0%| F|  |TAMS 0x0000000708900000, 0x0000000708900000| Untracked 
| 100|0x0000000708a00000, 0x0000000708a00000, 0x0000000708b00000|  0%| F|  |TAMS 0x0000000708a00000, 0x0000000708a00000| Untracked 
| 101|0x0000000708b00000, 0x0000000708b00000, 0x0000000708c00000|  0%| F|  |TAMS 0x0000000708b00000, 0x0000000708b00000| Untracked 
| 102|0x0000000708c00000, 0x0000000708c00000, 0x0000000708d00000|  0%| F|  |TAMS 0x0000000708c00000, 0x0000000708c00000| Untracked 
| 103|0x0000000708d00000, 0x0000000708d00000, 0x0000000708e00000|  0%| F|  |TAMS 0x0000000708d00000, 0x0000000708d00000| Untracked 
| 104|0x0000000708e00000, 0x0000000708e00000, 0x0000000708f00000|  0%| F|  |TAMS 0x0000000708e00000, 0x0000000708e00000| Untracked 
| 105|0x0000000708f00000, 0x0000000708f00000, 0x0000000709000000|  0%| F|  |TAMS 0x0000000708f00000, 0x0000000708f00000| Untracked 
| 106|0x0000000709000000, 0x0000000709000000, 0x0000000709100000|  0%| F|  |TAMS 0x0000000709000000, 0x0000000709000000| Untracked 
| 107|0x0000000709100000, 0x0000000709100000, 0x0000000709200000|  0%| F|  |TAMS 0x0000000709100000, 0x0000000709100000| Untracked 
| 108|0x0000000709200000, 0x0000000709200000, 0x0000000709300000|  0%| F|  |TAMS 0x0000000709200000, 0x0000000709200000| Untracked 
| 109|0x0000000709300000, 0x0000000709300000, 0x0000000709400000|  0%| F|  |TAMS 0x0000000709300000, 0x0000000709300000| Untracked 
| 110|0x0000000709400000, 0x0000000709400000, 0x0000000709500000|  0%| F|  |TAMS 0x0000000709400000, 0x0000000709400000| Untracked 
| 111|0x0000000709500000, 0x0000000709500000, 0x0000000709600000|  0%| F|  |TAMS 0x0000000709500000, 0x0000000709500000| Untracked 
| 112|0x0000000709600000, 0x0000000709600000, 0x0000000709700000|  0%| F|  |TAMS 0x0000000709600000, 0x0000000709600000| Untracked 
| 113|0x0000000709700000, 0x0000000709700000, 0x0000000709800000|  0%| F|  |TAMS 0x0000000709700000, 0x0000000709700000| Untracked 
| 114|0x0000000709800000, 0x0000000709800000, 0x0000000709900000|  0%| F|  |TAMS 0x0000000709800000, 0x0000000709800000| Untracked 
| 115|0x0000000709900000, 0x0000000709900000, 0x0000000709a00000|  0%| F|  |TAMS 0x0000000709900000, 0x0000000709900000| Untracked 
| 116|0x0000000709a00000, 0x0000000709a00000, 0x0000000709b00000|  0%| F|  |TAMS 0x0000000709a00000, 0x0000000709a00000| Untracked 
| 117|0x0000000709b00000, 0x0000000709b00000, 0x0000000709c00000|  0%| F|  |TAMS 0x0000000709b00000, 0x0000000709b00000| Untracked 
| 118|0x0000000709c00000, 0x0000000709c00000, 0x0000000709d00000|  0%| F|  |TAMS 0x0000000709c00000, 0x0000000709c00000| Untracked 
| 119|0x0000000709d00000, 0x0000000709d00000, 0x0000000709e00000|  0%| F|  |TAMS 0x0000000709d00000, 0x0000000709d00000| Untracked 
| 120|0x0000000709e00000, 0x0000000709e00000, 0x0000000709f00000|  0%| F|  |TAMS 0x0000000709e00000, 0x0000000709e00000| Untracked 
| 121|0x0000000709f00000, 0x0000000709f00000, 0x000000070a000000|  0%| F|  |TAMS 0x0000000709f00000, 0x0000000709f00000| Untracked 
| 122|0x000000070a000000, 0x000000070a000000, 0x000000070a100000|  0%| F|  |TAMS 0x000000070a000000, 0x000000070a000000| Untracked 
| 123|0x000000070a100000, 0x000000070a100000, 0x000000070a200000|  0%| F|  |TAMS 0x000000070a100000, 0x000000070a100000| Untracked 
| 124|0x000000070a200000, 0x000000070a200000, 0x000000070a300000|  0%| F|  |TAMS 0x000000070a200000, 0x000000070a200000| Untracked 
| 125|0x000000070a300000, 0x000000070a300000, 0x000000070a400000|  0%| F|  |TAMS 0x000000070a300000, 0x000000070a300000| Untracked 
| 126|0x000000070a400000, 0x000000070a400000, 0x000000070a500000|  0%| F|  |TAMS 0x000000070a400000, 0x000000070a400000| Untracked 
| 127|0x000000070a500000, 0x000000070a500000, 0x000000070a600000|  0%| F|  |TAMS 0x000000070a500000, 0x000000070a500000| Untracked 
| 128|0x000000070a600000, 0x000000070a600000, 0x000000070a700000|  0%| F|  |TAMS 0x000000070a600000, 0x000000070a600000| Untracked 
| 129|0x000000070a700000, 0x000000070a700000, 0x000000070a800000|  0%| F|  |TAMS 0x000000070a700000, 0x000000070a700000| Untracked 
| 130|0x000000070a800000, 0x000000070a800000, 0x000000070a900000|  0%| F|  |TAMS 0x000000070a800000, 0x000000070a800000| Untracked 
| 131|0x000000070a900000, 0x000000070a900000, 0x000000070aa00000|  0%| F|  |TAMS 0x000000070a900000, 0x000000070a900000| Untracked 
| 132|0x000000070aa00000, 0x000000070aa00000, 0x000000070ab00000|  0%| F|  |TAMS 0x000000070aa00000, 0x000000070aa00000| Untracked 
| 133|0x000000070ab00000, 0x000000070ab00000, 0x000000070ac00000|  0%| F|  |TAMS 0x000000070ab00000, 0x000000070ab00000| Untracked 
| 134|0x000000070ac00000, 0x000000070ac00000, 0x000000070ad00000|  0%| F|  |TAMS 0x000000070ac00000, 0x000000070ac00000| Untracked 
| 135|0x000000070ad00000, 0x000000070ad00000, 0x000000070ae00000|  0%| F|  |TAMS 0x000000070ad00000, 0x000000070ad00000| Untracked 
| 136|0x000000070ae00000, 0x000000070ae00000, 0x000000070af00000|  0%| F|  |TAMS 0x000000070ae00000, 0x000000070ae00000| Untracked 
| 137|0x000000070af00000, 0x000000070af00000, 0x000000070b000000|  0%| F|  |TAMS 0x000000070af00000, 0x000000070af00000| Untracked 
| 138|0x000000070b000000, 0x000000070b000000, 0x000000070b100000|  0%| F|  |TAMS 0x000000070b000000, 0x000000070b000000| Untracked 
| 139|0x000000070b100000, 0x000000070b100000, 0x000000070b200000|  0%| F|  |TAMS 0x000000070b100000, 0x000000070b100000| Untracked 
| 140|0x000000070b200000, 0x000000070b200000, 0x000000070b300000|  0%| F|  |TAMS 0x000000070b200000, 0x000000070b200000| Untracked 
| 141|0x000000070b300000, 0x000000070b300000, 0x000000070b400000|  0%| F|  |TAMS 0x000000070b300000, 0x000000070b300000| Untracked 
| 142|0x000000070b400000, 0x000000070b400000, 0x000000070b500000|  0%| F|  |TAMS 0x000000070b400000, 0x000000070b400000| Untracked 
| 143|0x000000070b500000, 0x000000070b500000, 0x000000070b600000|  0%| F|  |TAMS 0x000000070b500000, 0x000000070b500000| Untracked 
| 144|0x000000070b600000, 0x000000070b600000, 0x000000070b700000|  0%| F|  |TAMS 0x000000070b600000, 0x000000070b600000| Untracked 
| 145|0x000000070b700000, 0x000000070b700000, 0x000000070b800000|  0%| F|  |TAMS 0x000000070b700000, 0x000000070b700000| Untracked 
| 146|0x000000070b800000, 0x000000070b800000, 0x000000070b900000|  0%| F|  |TAMS 0x000000070b800000, 0x000000070b800000| Untracked 
| 147|0x000000070b900000, 0x000000070b900000, 0x000000070ba00000|  0%| F|  |TAMS 0x000000070b900000, 0x000000070b900000| Untracked 
| 148|0x000000070ba00000, 0x000000070ba00000, 0x000000070bb00000|  0%| F|  |TAMS 0x000000070ba00000, 0x000000070ba00000| Untracked 
| 149|0x000000070bb00000, 0x000000070bb00000, 0x000000070bc00000|  0%| F|  |TAMS 0x000000070bb00000, 0x000000070bb00000| Untracked 
| 150|0x000000070bc00000, 0x000000070bc00000, 0x000000070bd00000|  0%| F|  |TAMS 0x000000070bc00000, 0x000000070bc00000| Untracked 
| 151|0x000000070bd00000, 0x000000070bd00000, 0x000000070be00000|  0%| F|  |TAMS 0x000000070bd00000, 0x000000070bd00000| Untracked 
| 152|0x000000070be00000, 0x000000070be00000, 0x000000070bf00000|  0%| F|  |TAMS 0x000000070be00000, 0x000000070be00000| Untracked 
| 153|0x000000070bf00000, 0x000000070bf00000, 0x000000070c000000|  0%| F|  |TAMS 0x000000070bf00000, 0x000000070bf00000| Untracked 
| 154|0x000000070c000000, 0x000000070c000000, 0x000000070c100000|  0%| F|  |TAMS 0x000000070c000000, 0x000000070c000000| Untracked 
| 155|0x000000070c100000, 0x000000070c100000, 0x000000070c200000|  0%| F|  |TAMS 0x000000070c100000, 0x000000070c100000| Untracked 
| 156|0x000000070c200000, 0x000000070c200000, 0x000000070c300000|  0%| F|  |TAMS 0x000000070c200000, 0x000000070c200000| Untracked 
| 157|0x000000070c300000, 0x000000070c300000, 0x000000070c400000|  0%| F|  |TAMS 0x000000070c300000, 0x000000070c300000| Untracked 
| 158|0x000000070c400000, 0x000000070c400000, 0x000000070c500000|  0%| F|  |TAMS 0x000000070c400000, 0x000000070c400000| Untracked 
| 159|0x000000070c500000, 0x000000070c500000, 0x000000070c600000|  0%| F|  |TAMS 0x000000070c500000, 0x000000070c500000| Untracked 
| 160|0x000000070c600000, 0x000000070c600000, 0x000000070c700000|  0%| F|  |TAMS 0x000000070c600000, 0x000000070c600000| Untracked 
| 161|0x000000070c700000, 0x000000070c700000, 0x000000070c800000|  0%| F|  |TAMS 0x000000070c700000, 0x000000070c700000| Untracked 
| 162|0x000000070c800000, 0x000000070c800000, 0x000000070c900000|  0%| F|  |TAMS 0x000000070c800000, 0x000000070c800000| Untracked 
| 163|0x000000070c900000, 0x000000070c900000, 0x000000070ca00000|  0%| F|  |TAMS 0x000000070c900000, 0x000000070c900000| Untracked 
| 164|0x000000070ca00000, 0x000000070ca00000, 0x000000070cb00000|  0%| F|  |TAMS 0x000000070ca00000, 0x000000070ca00000| Untracked 
| 165|0x000000070cb00000, 0x000000070cb00000, 0x000000070cc00000|  0%| F|  |TAMS 0x000000070cb00000, 0x000000070cb00000| Untracked 
| 166|0x000000070cc00000, 0x000000070cc00000, 0x000000070cd00000|  0%| F|  |TAMS 0x000000070cc00000, 0x000000070cc00000| Untracked 
| 167|0x000000070cd00000, 0x000000070cd6a660, 0x000000070ce00000| 41%| S|CS|TAMS 0x000000070cd00000, 0x000000070cd00000| Complete 
| 168|0x000000070ce00000, 0x000000070cf00000, 0x000000070cf00000|100%| S|CS|TAMS 0x000000070ce00000, 0x000000070ce00000| Complete 
| 169|0x000000070cf00000, 0x000000070d000000, 0x000000070d000000|100%| S|CS|TAMS 0x000000070cf00000, 0x000000070cf00000| Complete 
| 170|0x000000070d000000, 0x000000070d100000, 0x000000070d100000|100%| S|CS|TAMS 0x000000070d000000, 0x000000070d000000| Complete 
| 171|0x000000070d100000, 0x000000070d200000, 0x000000070d200000|100%| S|CS|TAMS 0x000000070d100000, 0x000000070d100000| Complete 
| 172|0x000000070d200000, 0x000000070d200000, 0x000000070d300000|  0%| F|  |TAMS 0x000000070d200000, 0x000000070d200000| Untracked 
| 173|0x000000070d300000, 0x000000070d300000, 0x000000070d400000|  0%| F|  |TAMS 0x000000070d300000, 0x000000070d300000| Untracked 
| 174|0x000000070d400000, 0x000000070d400000, 0x000000070d500000|  0%| F|  |TAMS 0x000000070d400000, 0x000000070d400000| Untracked 
| 175|0x000000070d500000, 0x000000070d500000, 0x000000070d600000|  0%| F|  |TAMS 0x000000070d500000, 0x000000070d500000| Untracked 
| 176|0x000000070d600000, 0x000000070d600000, 0x000000070d700000|  0%| F|  |TAMS 0x000000070d600000, 0x000000070d600000| Untracked 
| 177|0x000000070d700000, 0x000000070d700000, 0x000000070d800000|  0%| F|  |TAMS 0x000000070d700000, 0x000000070d700000| Untracked 
| 178|0x000000070d800000, 0x000000070d800000, 0x000000070d900000|  0%| F|  |TAMS 0x000000070d800000, 0x000000070d800000| Untracked 
| 179|0x000000070d900000, 0x000000070d900000, 0x000000070da00000|  0%| F|  |TAMS 0x000000070d900000, 0x000000070d900000| Untracked 
| 180|0x000000070da00000, 0x000000070db00000, 0x000000070db00000|100%| S|CS|TAMS 0x000000070da00000, 0x000000070da00000| Complete 
| 181|0x000000070db00000, 0x000000070dc00000, 0x000000070dc00000|100%| S|CS|TAMS 0x000000070db00000, 0x000000070db00000| Complete 
| 182|0x000000070dc00000, 0x000000070dd00000, 0x000000070dd00000|100%| S|CS|TAMS 0x000000070dc00000, 0x000000070dc00000| Complete 
| 183|0x000000070dd00000, 0x000000070de00000, 0x000000070de00000|100%| S|CS|TAMS 0x000000070dd00000, 0x000000070dd00000| Complete 
| 184|0x000000070de00000, 0x000000070de00000, 0x000000070df00000|  0%| F|  |TAMS 0x000000070de00000, 0x000000070de00000| Untracked 
| 185|0x000000070df00000, 0x000000070df00000, 0x000000070e000000|  0%| F|  |TAMS 0x000000070df00000, 0x000000070df00000| Untracked 
| 186|0x000000070e000000, 0x000000070e000000, 0x000000070e100000|  0%| F|  |TAMS 0x000000070e000000, 0x000000070e000000| Untracked 
| 187|0x000000070e100000, 0x000000070e100000, 0x000000070e200000|  0%| F|  |TAMS 0x000000070e100000, 0x000000070e100000| Untracked 
| 188|0x000000070e200000, 0x000000070e200000, 0x000000070e300000|  0%| F|  |TAMS 0x000000070e200000, 0x000000070e200000| Untracked 
| 189|0x000000070e300000, 0x000000070e300000, 0x000000070e400000|  0%| F|  |TAMS 0x000000070e300000, 0x000000070e300000| Untracked 
| 190|0x000000070e400000, 0x000000070e400000, 0x000000070e500000|  0%| F|  |TAMS 0x000000070e400000, 0x000000070e400000| Untracked 
| 191|0x000000070e500000, 0x000000070e500000, 0x000000070e600000|  0%| F|  |TAMS 0x000000070e500000, 0x000000070e500000| Untracked 
| 192|0x000000070e600000, 0x000000070e600000, 0x000000070e700000|  0%| F|  |TAMS 0x000000070e600000, 0x000000070e600000| Untracked 
| 193|0x000000070e700000, 0x000000070e700000, 0x000000070e800000|  0%| F|  |TAMS 0x000000070e700000, 0x000000070e700000| Untracked 
| 194|0x000000070e800000, 0x000000070e800000, 0x000000070e900000|  0%| F|  |TAMS 0x000000070e800000, 0x000000070e800000| Untracked 
| 195|0x000000070e900000, 0x000000070e900000, 0x000000070ea00000|  0%| F|  |TAMS 0x000000070e900000, 0x000000070e900000| Untracked 
| 196|0x000000070ea00000, 0x000000070ea00000, 0x000000070eb00000|  0%| F|  |TAMS 0x000000070ea00000, 0x000000070ea00000| Untracked 
| 197|0x000000070eb00000, 0x000000070eb00000, 0x000000070ec00000|  0%| F|  |TAMS 0x000000070eb00000, 0x000000070eb00000| Untracked 
| 198|0x000000070ec00000, 0x000000070ec00000, 0x000000070ed00000|  0%| F|  |TAMS 0x000000070ec00000, 0x000000070ec00000| Untracked 
| 199|0x000000070ed00000, 0x000000070ed00000, 0x000000070ee00000|  0%| F|  |TAMS 0x000000070ed00000, 0x000000070ed00000| Untracked 
| 200|0x000000070ee00000, 0x000000070ee00000, 0x000000070ef00000|  0%| F|  |TAMS 0x000000070ee00000, 0x000000070ee00000| Untracked 
| 201|0x000000070ef00000, 0x000000070ef00000, 0x000000070f000000|  0%| F|  |TAMS 0x000000070ef00000, 0x000000070ef00000| Untracked 
| 202|0x000000070f000000, 0x000000070f000000, 0x000000070f100000|  0%| F|  |TAMS 0x000000070f000000, 0x000000070f000000| Untracked 
| 203|0x000000070f100000, 0x000000070f100000, 0x000000070f200000|  0%| F|  |TAMS 0x000000070f100000, 0x000000070f100000| Untracked 
| 204|0x000000070f200000, 0x000000070f200000, 0x000000070f300000|  0%| F|  |TAMS 0x000000070f200000, 0x000000070f200000| Untracked 
| 205|0x000000070f300000, 0x000000070f300000, 0x000000070f400000|  0%| F|  |TAMS 0x000000070f300000, 0x000000070f300000| Untracked 
| 206|0x000000070f400000, 0x000000070f400000, 0x000000070f500000|  0%| F|  |TAMS 0x000000070f400000, 0x000000070f400000| Untracked 
| 207|0x000000070f500000, 0x000000070f500000, 0x000000070f600000|  0%| F|  |TAMS 0x000000070f500000, 0x000000070f500000| Untracked 
| 208|0x000000070f600000, 0x000000070f600000, 0x000000070f700000|  0%| F|  |TAMS 0x000000070f600000, 0x000000070f600000| Untracked 
| 209|0x000000070f700000, 0x000000070f700000, 0x000000070f800000|  0%| F|  |TAMS 0x000000070f700000, 0x000000070f700000| Untracked 
| 210|0x000000070f800000, 0x000000070f800000, 0x000000070f900000|  0%| F|  |TAMS 0x000000070f800000, 0x000000070f800000| Untracked 
| 211|0x000000070f900000, 0x000000070f900000, 0x000000070fa00000|  0%| F|  |TAMS 0x000000070f900000, 0x000000070f900000| Untracked 
| 212|0x000000070fa00000, 0x000000070fa00000, 0x000000070fb00000|  0%| F|  |TAMS 0x000000070fa00000, 0x000000070fa00000| Untracked 
| 213|0x000000070fb00000, 0x000000070fb00000, 0x000000070fc00000|  0%| F|  |TAMS 0x000000070fb00000, 0x000000070fb00000| Untracked 
| 214|0x000000070fc00000, 0x000000070fc00000, 0x000000070fd00000|  0%| F|  |TAMS 0x000000070fc00000, 0x000000070fc00000| Untracked 
| 215|0x000000070fd00000, 0x000000070fd00000, 0x000000070fe00000|  0%| F|  |TAMS 0x000000070fd00000, 0x000000070fd00000| Untracked 
| 216|0x000000070fe00000, 0x000000070fe00000, 0x000000070ff00000|  0%| F|  |TAMS 0x000000070fe00000, 0x000000070fe00000| Untracked 
| 217|0x000000070ff00000, 0x000000070ff00000, 0x0000000710000000|  0%| F|  |TAMS 0x000000070ff00000, 0x000000070ff00000| Untracked 
| 218|0x0000000710000000, 0x0000000710080800, 0x0000000710100000| 50%| E|  |TAMS 0x0000000710000000, 0x0000000710000000| Complete 
| 219|0x0000000710100000, 0x0000000710200000, 0x0000000710200000|100%| E|CS|TAMS 0x0000000710100000, 0x0000000710100000| Complete 
| 220|0x0000000710200000, 0x0000000710300000, 0x0000000710300000|100%| E|CS|TAMS 0x0000000710200000, 0x0000000710200000| Complete 
| 221|0x0000000710300000, 0x0000000710400000, 0x0000000710400000|100%| E|CS|TAMS 0x0000000710300000, 0x0000000710300000| Complete 
| 222|0x0000000710400000, 0x0000000710500000, 0x0000000710500000|100%| E|CS|TAMS 0x0000000710400000, 0x0000000710400000| Complete 
| 223|0x0000000710500000, 0x0000000710600000, 0x0000000710600000|100%| E|CS|TAMS 0x0000000710500000, 0x0000000710500000| Complete 
| 224|0x0000000710600000, 0x0000000710700000, 0x0000000710700000|100%| E|CS|TAMS 0x0000000710600000, 0x0000000710600000| Complete 
| 225|0x0000000710700000, 0x0000000710800000, 0x0000000710800000|100%| E|CS|TAMS 0x0000000710700000, 0x0000000710700000| Complete 
| 226|0x0000000710800000, 0x0000000710900000, 0x0000000710900000|100%| E|CS|TAMS 0x0000000710800000, 0x0000000710800000| Complete 
| 227|0x0000000710900000, 0x0000000710a00000, 0x0000000710a00000|100%| E|CS|TAMS 0x0000000710900000, 0x0000000710900000| Complete 
| 228|0x0000000710a00000, 0x0000000710b00000, 0x0000000710b00000|100%| E|CS|TAMS 0x0000000710a00000, 0x0000000710a00000| Complete 
| 229|0x0000000710b00000, 0x0000000710c00000, 0x0000000710c00000|100%| E|CS|TAMS 0x0000000710b00000, 0x0000000710b00000| Complete 
| 230|0x0000000710c00000, 0x0000000710d00000, 0x0000000710d00000|100%| E|CS|TAMS 0x0000000710c00000, 0x0000000710c00000| Complete 
| 231|0x0000000710d00000, 0x0000000710e00000, 0x0000000710e00000|100%| E|CS|TAMS 0x0000000710d00000, 0x0000000710d00000| Complete 
| 232|0x0000000710e00000, 0x0000000710f00000, 0x0000000710f00000|100%| E|CS|TAMS 0x0000000710e00000, 0x0000000710e00000| Complete 
| 233|0x0000000710f00000, 0x0000000711000000, 0x0000000711000000|100%| E|CS|TAMS 0x0000000710f00000, 0x0000000710f00000| Complete 
| 234|0x0000000711000000, 0x0000000711100000, 0x0000000711100000|100%| E|CS|TAMS 0x0000000711000000, 0x0000000711000000| Complete 
| 235|0x0000000711100000, 0x0000000711200000, 0x0000000711200000|100%| E|CS|TAMS 0x0000000711100000, 0x0000000711100000| Complete 
| 236|0x0000000711200000, 0x0000000711300000, 0x0000000711300000|100%| E|CS|TAMS 0x0000000711200000, 0x0000000711200000| Complete 
| 237|0x0000000711300000, 0x0000000711400000, 0x0000000711400000|100%| E|CS|TAMS 0x0000000711300000, 0x0000000711300000| Complete 
| 238|0x0000000711400000, 0x0000000711500000, 0x0000000711500000|100%| E|CS|TAMS 0x0000000711400000, 0x0000000711400000| Complete 
| 239|0x0000000711500000, 0x0000000711600000, 0x0000000711600000|100%| E|CS|TAMS 0x0000000711500000, 0x0000000711500000| Complete 
| 240|0x0000000711600000, 0x0000000711700000, 0x0000000711700000|100%| E|CS|TAMS 0x0000000711600000, 0x0000000711600000| Complete 
| 241|0x0000000711700000, 0x0000000711800000, 0x0000000711800000|100%| E|CS|TAMS 0x0000000711700000, 0x0000000711700000| Complete 
| 242|0x0000000711800000, 0x0000000711900000, 0x0000000711900000|100%| E|CS|TAMS 0x0000000711800000, 0x0000000711800000| Complete 
| 243|0x0000000711900000, 0x0000000711a00000, 0x0000000711a00000|100%| E|CS|TAMS 0x0000000711900000, 0x0000000711900000| Complete 
| 244|0x0000000711a00000, 0x0000000711b00000, 0x0000000711b00000|100%| E|CS|TAMS 0x0000000711a00000, 0x0000000711a00000| Complete 
| 245|0x0000000711b00000, 0x0000000711c00000, 0x0000000711c00000|100%| E|CS|TAMS 0x0000000711b00000, 0x0000000711b00000| Complete 
| 246|0x0000000711c00000, 0x0000000711d00000, 0x0000000711d00000|100%| E|CS|TAMS 0x0000000711c00000, 0x0000000711c00000| Complete 
| 247|0x0000000711d00000, 0x0000000711e00000, 0x0000000711e00000|100%| E|CS|TAMS 0x0000000711d00000, 0x0000000711d00000| Complete 
| 248|0x0000000711e00000, 0x0000000711f00000, 0x0000000711f00000|100%| E|CS|TAMS 0x0000000711e00000, 0x0000000711e00000| Complete 
| 249|0x0000000711f00000, 0x0000000712000000, 0x0000000712000000|100%| E|CS|TAMS 0x0000000711f00000, 0x0000000711f00000| Complete 
| 250|0x0000000712000000, 0x0000000712100000, 0x0000000712100000|100%| E|CS|TAMS 0x0000000712000000, 0x0000000712000000| Complete 
| 251|0x0000000712100000, 0x0000000712200000, 0x0000000712200000|100%| E|CS|TAMS 0x0000000712100000, 0x0000000712100000| Complete 
| 252|0x0000000712200000, 0x0000000712300000, 0x0000000712300000|100%| E|CS|TAMS 0x0000000712200000, 0x0000000712200000| Complete 
| 253|0x0000000712300000, 0x0000000712400000, 0x0000000712400000|100%| E|CS|TAMS 0x0000000712300000, 0x0000000712300000| Complete 

Card table byte_map: [0x000001e8bf910000,0x000001e8c0100000] _byte_map_base: 0x000001e8bc0fd000

Marking Bits (Prev, Next): (CMBitMap*) 0x000001e8a5a24598, (CMBitMap*) 0x000001e8a5a245d0
 Prev Bits: [0x000001e8c08f0000, 0x000001e8c4858000)
 Next Bits: [0x000001e8c4860000, 0x000001e8c87c8000)

Polling page: 0x000001e8a57d0000

Metaspace:

Usage:
  Non-class:     32.74 MB capacity,    32.13 MB ( 98%) used,   495.89 KB (  1%) free+waste,   120.19 KB ( <1%) overhead. 
      Class:      4.76 MB capacity,     4.40 MB ( 92%) used,   315.88 KB (  6%) free+waste,    57.38 KB (  1%) overhead. 
       Both:     37.50 MB capacity,    36.53 MB ( 97%) used,   811.77 KB (  2%) free+waste,   177.56 KB ( <1%) overhead. 

Virtual space:
  Non-class space:       34.00 MB reserved,      32.75 MB ( 96%) committed 
      Class space:        1.00 GB reserved,       4.82 MB ( <1%) committed 
             Both:        1.03 GB reserved,      37.57 MB (  4%) committed 

Chunk freelists:
   Non-Class:  1.50 KB
       Class:  2.13 KB
        Both:  3.63 KB

CodeHeap 'non-profiled nmethods': size=120000Kb used=2409Kb max_used=2409Kb free=117591Kb
 bounds [0x000001e8b6f60000, 0x000001e8b71d0000, 0x000001e8be490000]
CodeHeap 'profiled nmethods': size=120000Kb used=8934Kb max_used=8934Kb free=111065Kb
 bounds [0x000001e8afa30000, 0x000001e8b02f0000, 0x000001e8b6f60000]
CodeHeap 'non-nmethods': size=5760Kb used=1134Kb max_used=1201Kb free=4625Kb
 bounds [0x000001e8af490000, 0x000001e8af700000, 0x000001e8afa30000]
 total_blobs=5577 nmethods=3753 adapters=360
 compilation: enabled
              stopped_count=0, restarted_count=0
 full_count=0

Compilation events (10 events):
Event: 4.245 Thread 0x000001e8cbeba000 4029       3       java.lang.reflect.Proxy$ProxyBuilder::addElementType (19 bytes)
Event: 4.245 Thread 0x000001e8cbeba000 nmethod 4029 0x000001e8b02cbc10 code [0x000001e8b02cbe20, 0x000001e8b02cc430]
Event: 4.246 Thread 0x000001e8cbeba000 4031       3       java.lang.reflect.Field::<init> (44 bytes)
Event: 4.246 Thread 0x000001e8cbeba000 nmethod 4031 0x000001e8b02cc610 code [0x000001e8b02cc7e0, 0x000001e8b02ccc18]
Event: 4.246 Thread 0x000001e8cbeba000 4032       3       java.lang.reflect.Field::copy (76 bytes)
Event: 4.246 Thread 0x000001e8cbeba000 nmethod 4032 0x000001e8b02ccd10 code [0x000001e8b02ccf00, 0x000001e8b02cd3a0]
Event: 4.248 Thread 0x000001e8cbeba000 4035   !   3       com.sun.proxy.$Proxy41::annotationType (29 bytes)
Event: 4.248 Thread 0x000001e8cbeba000 nmethod 4035 0x000001e8b02cd490 code [0x000001e8b02cd680, 0x000001e8b02cdb00]
Event: 4.248 Thread 0x000001e8cbeba000 4036   !   3       com.sun.proxy.$Proxy67::annotationType (29 bytes)
Event: 4.249 Thread 0x000001e8cbeba000 nmethod 4036 0x000001e8b02cdc90 code [0x000001e8b02cde80, 0x000001e8b02ce300]

GC Heap History (10 events):
Event: 0.594 GC heap before
{Heap before GC invocations=0 (full 0):
 garbage-first heap   total 260096K, used 23552K [0x0000000702600000, 0x0000000800000000)
  region size 1024K, 24 young (24576K), 0 survivors (0K)
 Metaspace       used 10995K, capacity 11396K, committed 11520K, reserved 1058816K
  class space    used 1125K, capacity 1272K, committed 1280K, reserved 1048576K
}
Event: 0.598 GC heap after
{Heap after GC invocations=1 (full 0):
 garbage-first heap   total 260096K, used 6297K [0x0000000702600000, 0x0000000800000000)
  region size 1024K, 3 young (3072K), 3 survivors (3072K)
 Metaspace       used 10995K, capacity 11396K, committed 11520K, reserved 1058816K
  class space    used 1125K, capacity 1272K, committed 1280K, reserved 1048576K
}
Event: 1.631 GC heap before
{Heap before GC invocations=1 (full 0):
 garbage-first heap   total 260096K, used 56473K [0x0000000702600000, 0x0000000800000000)
  region size 1024K, 53 young (54272K), 3 survivors (3072K)
 Metaspace       used 20597K, capacity 21178K, committed 21248K, reserved 1069056K
  class space    used 2296K, capacity 2521K, committed 2560K, reserved 1048576K
}
Event: 1.636 GC heap after
{Heap after GC invocations=2 (full 0):
 garbage-first heap   total 260096K, used 8730K [0x0000000702600000, 0x0000000800000000)
  region size 1024K, 6 young (6144K), 6 survivors (6144K)
 Metaspace       used 20597K, capacity 21178K, committed 21248K, reserved 1069056K
  class space    used 2296K, capacity 2521K, committed 2560K, reserved 1048576K
}
Event: 1.964 GC heap before
{Heap before GC invocations=3 (full 0):
 garbage-first heap   total 260096K, used 48666K [0x0000000702600000, 0x0000000800000000)
  region size 1024K, 45 young (46080K), 6 survivors (6144K)
 Metaspace       used 26516K, capacity 27248K, committed 27392K, reserved 1073152K
  class space    used 3016K, capacity 3312K, committed 3328K, reserved 1048576K
}
Event: 1.968 GC heap after
{Heap after GC invocations=4 (full 0):
 garbage-first heap   total 260096K, used 10073K [0x0000000702600000, 0x0000000800000000)
  region size 1024K, 4 young (4096K), 4 survivors (4096K)
 Metaspace       used 26516K, capacity 27248K, committed 27392K, reserved 1073152K
  class space    used 3016K, capacity 3312K, committed 3328K, reserved 1048576K
}
Event: 3.028 GC heap before
{Heap before GC invocations=4 (full 0):
 garbage-first heap   total 260096K, used 80729K [0x0000000702600000, 0x0000000800000000)
  region size 1024K, 74 young (75776K), 4 survivors (4096K)
 Metaspace       used 29082K, capacity 29930K, committed 30080K, reserved 1075200K
  class space    used 3288K, capacity 3611K, committed 3712K, reserved 1048576K
}
Event: 3.033 GC heap after
{Heap after GC invocations=5 (full 0):
 garbage-first heap   total 260096K, used 13908K [0x0000000702600000, 0x0000000800000000)
  region size 1024K, 8 young (8192K), 8 survivors (8192K)
 Metaspace       used 29082K, capacity 29930K, committed 30080K, reserved 1075200K
  class space    used 3288K, capacity 3611K, committed 3712K, reserved 1048576K
}
Event: 3.905 GC heap before
{Heap before GC invocations=5 (full 0):
 garbage-first heap   total 260096K, used 84564K [0x0000000702600000, 0x0000000800000000)
  region size 1024K, 78 young (79872K), 8 survivors (8192K)
 Metaspace       used 34952K, capacity 35805K, committed 35840K, reserved 1081344K
  class space    used 4223K, capacity 4580K, committed 4608K, reserved 1048576K
}
Event: 3.918 GC heap after
{Heap after GC invocations=6 (full 0):
 garbage-first heap   total 260096K, used 17101K [0x0000000702600000, 0x0000000800000000)
  region size 1024K, 9 young (9216K), 9 survivors (9216K)
 Metaspace       used 34952K, capacity 35805K, committed 35840K, reserved 1081344K
  class space    used 4223K, capacity 4580K, committed 4608K, reserved 1048576K
}

Deoptimization events (10 events):
Event: 3.980 Thread 0x000001e8a59c1800 Uncommon trap: reason=profile_predicate action=maybe_recompile pc=0x000001e8b715a720 method=org.springframework.util.AntPathMatcher.doMatch(Ljava/lang/String;Ljava/lang/String;ZLjava/util/Map;)Z @ 86 c2
Event: 4.067 Thread 0x000001e8a59c1800 Uncommon trap: reason=predicate action=maybe_recompile pc=0x000001e8b713b4b0 method=java.util.AbstractCollection.toArray([Ljava/lang/Object;)[Ljava/lang/Object; @ 43 c2
Event: 4.071 Thread 0x000001e8a59c1800 Uncommon trap: reason=unstable_if action=reinterpret pc=0x000001e8b7128e40 method=org.springframework.beans.factory.support.AbstractBeanFactory.isFactoryBean(Ljava/lang/String;Lorg/springframework/beans/factory/support/RootBeanDefinition;)Z @ 38 c2
Event: 4.071 Thread 0x000001e8a59c1800 Uncommon trap: reason=unstable_if action=reinterpret pc=0x000001e8b71359d8 method=org.springframework.beans.factory.support.AbstractBeanFactory.isTypeMatch(Ljava/lang/String;Lorg/springframework/core/ResolvableType;Z)Z @ 466 c2
Event: 4.078 Thread 0x000001e8a59c1800 Uncommon trap: reason=array_check action=maybe_recompile pc=0x000001e8b71851cc method=java.util.AbstractCollection.toArray([Ljava/lang/Object;)[Ljava/lang/Object; @ 116 c2
Event: 4.078 Thread 0x000001e8a59c1800 Uncommon trap: reason=array_check action=maybe_recompile pc=0x000001e8b71851cc method=java.util.AbstractCollection.toArray([Ljava/lang/Object;)[Ljava/lang/Object; @ 116 c2
Event: 4.083 Thread 0x000001e8a59c1800 Uncommon trap: reason=array_check action=maybe_recompile pc=0x000001e8b71851cc method=java.util.AbstractCollection.toArray([Ljava/lang/Object;)[Ljava/lang/Object; @ 116 c2
Event: 4.083 Thread 0x000001e8a59c1800 Uncommon trap: reason=array_check action=maybe_recompile pc=0x000001e8b71851cc method=java.util.AbstractCollection.toArray([Ljava/lang/Object;)[Ljava/lang/Object; @ 116 c2
Event: 4.173 Thread 0x000001e8a59c1800 Uncommon trap: reason=unstable_if action=reinterpret pc=0x000001e8b70a3610 method=org.springframework.asm.MethodVisitor.<init>(ILorg/springframework/asm/MethodVisitor;)V @ 7 c2
Event: 4.208 Thread 0x000001e8a59c1800 Uncommon trap: reason=unstable_if action=reinterpret pc=0x000001e8b712b2e8 method=org.springframework.beans.factory.support.AbstractAutowireCapableBeanFactory.predictBeanType(Ljava/lang/String;Lorg/springframework/beans/factory/support/RootBeanDefinition;

Classes redefined (0 events):
No events

Internal exceptions (10 events):
Event: 2.036 Thread 0x000001e8ce2f8000 Exception <a 'java/lang/NoSuchMethodError'{0x00000007119e6998}: java.lang.invoke.DirectMethodHandle$Holder.invokeStatic(Ljava/lang/Object;Ljava/lang/Object;)J> (0x00000007119e6998) thrown at [t:/workspace/open/src/hotspot/share/interpreter/linkResolver.cp
Event: 2.037 Thread 0x000001e8ce2f8000 Exception <a 'java/lang/NoSuchMethodError'{0x00000007119e97c0}: java.lang.invoke.DirectMethodHandle$Holder.invokeStaticInit(Ljava/lang/Object;Ljava/lang/Object;)J> (0x00000007119e97c0) thrown at [t:/workspace/open/src/hotspot/share/interpreter/linkResolve
Event: 2.038 Thread 0x000001e8ce2f8000 Exception <a 'java/lang/NoSuchMethodError'{0x0000000711782ed8}: java.lang.invoke.DirectMethodHandle$Holder.invokeInterface(Ljava/lang/Object;Ljava/lang/Object;)J> (0x0000000711782ed8) thrown at [t:/workspace/open/src/hotspot/share/interpreter/linkResolver
Event: 2.038 Thread 0x000001e8ce2f8000 Exception <a 'java/lang/IncompatibleClassChangeError'{0x0000000711785c70}: Found class java.lang.Object, but interface was expected> (0x0000000711785c70) thrown at [t:/workspace/open/src/hotspot/share/interpreter/linkResolver.cpp, line 856]
Event: 2.047 Thread 0x000001e8ce2f8000 Exception <a 'java/lang/NoSuchMethodError'{0x000000071169baa0}: java.lang.invoke.DirectMethodHandle$Holder.invokeVirtual(Ljava/lang/Object;Ljava/lang/Object;Ljava/lang/Object;Ljava/lang/Object;)Ljava/lang/Object;> (0x000000071169baa0) thrown at [t:/worksp
Event: 3.042 Thread 0x000001e8a59c1800 Exception <a 'java/lang/NoClassDefFoundError'{0x0000000712294558}: javax/servlet/Filter> (0x0000000712294558) thrown at [t:/workspace/open/src/hotspot/share/classfile/systemDictionary.cpp, line 220]
Event: 3.050 Thread 0x000001e8a59c1800 Exception <a 'java/lang/IncompatibleClassChangeError'{0x000000071214a700}: Found class java.lang.Object, but interface was expected> (0x000000071214a700) thrown at [t:/workspace/open/src/hotspot/share/interpreter/linkResolver.cpp, line 856]
Event: 3.157 Thread 0x000001e8a59c1800 Exception <a 'java/lang/NoSuchMethodError'{0x0000000711758cd0}: java.lang.invoke.DirectMethodHandle$Holder.invokeStatic(Ljava/lang/Object;Ljava/lang/Object;I)V> (0x0000000711758cd0) thrown at [t:/workspace/open/src/hotspot/share/interpreter/linkResolver.c
Event: 3.792 Thread 0x000001e8a59c1800 Exception <a 'java/lang/NoSuchMethodError'{0x000000070e6f2460}: java.lang.invoke.DirectMethodHandle$Holder.invokeStaticInit(Ljava/lang/Object;)I> (0x000000070e6f2460) thrown at [t:/workspace/open/src/hotspot/share/interpreter/linkResolver.cpp, line 772]
Event: 3.793 Thread 0x000001e8a59c1800 Exception <a 'java/lang/NoSuchMethodError'{0x000000070e6f7770}: java.lang.invoke.DirectMethodHandle$Holder.invokeVirtual(Ljava/lang/Object;Ljava/lang/Object;Ljava/lang/Object;)I> (0x000000070e6f7770) thrown at [t:/workspace/open/src/hotspot/share/interpre

Events (10 events):
Event: 4.221 loading class org/springframework/beans/factory/ListableBeanFactory
Event: 4.221 loading class org/springframework/beans/factory/ListableBeanFactory done
Event: 4.221 loading class org/springframework/beans/factory/ListableBeanFactory
Event: 4.221 loading class org/springframework/beans/factory/ListableBeanFactory done
Event: 4.235 loading class es/upm/miw/apaw_practice/domain/exceptions/ConflictException
Event: 4.235 loading class es/upm/miw/apaw_practice/domain/exceptions/ConflictException done
Event: 4.238 loading class es/upm/miw/apaw_practice/domain/exceptions/NotFoundException
Event: 4.238 loading class es/upm/miw/apaw_practice/domain/exceptions/NotFoundException done
Event: 4.250 loading class es/upm/miw/apaw_practice/domain/exceptions/BadRequestException
Event: 4.250 loading class es/upm/miw/apaw_practice/domain/exceptions/BadRequestException done


Dynamic libraries:
0x00007ff78d250000 - 0x00007ff78d297000 	C:\Program Files\Java\jdk-11\bin\java.exe
0x00007ffade900000 - 0x00007ffadeaf0000 	C:\WINDOWS\SYSTEM32\ntdll.dll
0x00007ffadd200000 - 0x00007ffadd2b2000 	C:\WINDOWS\System32\KERNEL32.DLL
0x00007ffadbd30000 - 0x00007ffadbfd5000 	C:\WINDOWS\System32\KERNELBASE.dll
0x00007ffadcc10000 - 0x00007ffadccb3000 	C:\WINDOWS\System32\ADVAPI32.dll
0x00007ffadddb0000 - 0x00007ffadde4e000 	C:\WINDOWS\System32\msvcrt.dll
0x00007ffadcdc0000 - 0x00007ffadce57000 	C:\WINDOWS\System32\sechost.dll
0x00007ffaddee0000 - 0x00007ffade000000 	C:\WINDOWS\System32\RPCRT4.dll
0x00007ffadc9b0000 - 0x00007ffadcb45000 	C:\WINDOWS\System32\USER32.dll
0x00007ffadc980000 - 0x00007ffadc9a1000 	C:\WINDOWS\System32\win32u.dll
0x00007ffadccc0000 - 0x00007ffadcce6000 	C:\WINDOWS\System32\GDI32.dll
0x00007ffadbb90000 - 0x00007ffadbd26000 	C:\WINDOWS\System32\gdi32full.dll
0x00007ffadc760000 - 0x00007ffadc7fe000 	C:\WINDOWS\System32\msvcp_win.dll
0x00007ffadba10000 - 0x00007ffadbb0a000 	C:\WINDOWS\System32\ucrtbase.dll
0x00007ffaca270000 - 0x00007ffaca4f4000 	C:\WINDOWS\WinSxS\amd64_microsoft.windows.common-controls_6595b64144ccf1df_6.0.18362.1082_none_9e8193e1e45b25c1\COMCTL32.dll
0x00007ffad3c70000 - 0x00007ffad3c7a000 	C:\WINDOWS\SYSTEM32\VERSION.dll
0x00007ffadce60000 - 0x00007ffadd195000 	C:\WINDOWS\System32\combase.dll
0x00007ffadb990000 - 0x00007ffadba10000 	C:\WINDOWS\System32\bcryptPrimitives.dll
0x00007ffaddc20000 - 0x00007ffaddc4e000 	C:\WINDOWS\System32\IMM32.DLL
0x00007ffab4ba0000 - 0x00007ffab4bb6000 	C:\Program Files\Java\jdk-11\bin\vcruntime140.dll
0x00007ffaa4bb0000 - 0x00007ffaa4c5a000 	C:\Program Files\Java\jdk-11\bin\msvcp140.dll
0x00007ffa7fb30000 - 0x00007ffa80672000 	C:\Program Files\Java\jdk-11\bin\server\jvm.dll
0x00007ffadcc00000 - 0x00007ffadcc08000 	C:\WINDOWS\System32\PSAPI.DLL
0x00007ffad8490000 - 0x00007ffad84b4000 	C:\WINDOWS\SYSTEM32\WINMM.dll
0x00007ffad4a30000 - 0x00007ffad4a39000 	C:\WINDOWS\SYSTEM32\WSOCK32.dll
0x00007ffadd2c0000 - 0x00007ffadd32f000 	C:\WINDOWS\System32\WS2_32.dll
0x00007ffad8460000 - 0x00007ffad848d000 	C:\WINDOWS\SYSTEM32\winmmbase.dll
0x00007ffadb890000 - 0x00007ffadb8da000 	C:\WINDOWS\System32\cfgmgr32.dll
0x00007ffadb7d0000 - 0x00007ffadb7e1000 	C:\WINDOWS\System32\kernel.appcore.dll
0x00007ffab3a40000 - 0x00007ffab3a51000 	C:\Program Files\Java\jdk-11\bin\verify.dll
0x00007ffac46f0000 - 0x00007ffac48e4000 	C:\WINDOWS\SYSTEM32\DBGHELP.DLL
0x00007ffac46c0000 - 0x00007ffac46ea000 	C:\WINDOWS\SYSTEM32\dbgcore.DLL
0x00007ffaa7450000 - 0x00007ffaa7479000 	C:\Program Files\Java\jdk-11\bin\java.dll
0x00007ffaa8930000 - 0x00007ffaa895f000 	C:\Program Files\Java\jdk-11\bin\instrument.dll
0x00007ffaaa340000 - 0x00007ffaaa356000 	C:\Program Files\Java\jdk-11\bin\zip.dll
0x00007ffad4b60000 - 0x00007ffad4b6a000 	C:\Program Files\Java\jdk-11\bin\jimage.dll
0x00007ffadd4d0000 - 0x00007ffaddbb7000 	C:\WINDOWS\System32\SHELL32.dll
0x00007ffade150000 - 0x00007ffade1f9000 	C:\WINDOWS\System32\shcore.dll
0x00007ffadbfe0000 - 0x00007ffadc760000 	C:\WINDOWS\System32\windows.storage.dll
0x00007ffadb840000 - 0x00007ffadb863000 	C:\WINDOWS\System32\profapi.dll
0x00007ffadb7f0000 - 0x00007ffadb83a000 	C:\WINDOWS\System32\powrprof.dll
0x00007ffadb7c0000 - 0x00007ffadb7d0000 	C:\WINDOWS\System32\UMPDC.dll
0x00007ffadd1a0000 - 0x00007ffadd1f2000 	C:\WINDOWS\System32\shlwapi.dll
0x00007ffadbb10000 - 0x00007ffadbb27000 	C:\WINDOWS\System32\cryptsp.dll
0x00007ffaaa2b0000 - 0x00007ffaaa2c9000 	C:\Program Files\Java\jdk-11\bin\net.dll
0x00007ffacb550000 - 0x00007ffacb640000 	C:\WINDOWS\SYSTEM32\WINHTTP.dll
0x00007ffadb010000 - 0x00007ffadb077000 	C:\WINDOWS\system32\mswsock.dll
0x00007ffaaa270000 - 0x00007ffaaa283000 	C:\Program Files\Java\jdk-11\bin\nio.dll
0x00007ffad8530000 - 0x00007ffad854a000 	C:\Program Files\JetBrains\IntelliJ IDEA 2020.2.1\bin\breakgen64.dll
0x00007ffad8560000 - 0x00007ffad8569000 	C:\Program Files\Java\jdk-11\bin\management.dll
0x00007ffad8550000 - 0x00007ffad855c000 	C:\Program Files\Java\jdk-11\bin\management_ext.dll
0x00007ffab0f90000 - 0x00007ffab0fa6000 	C:\WINDOWS\system32\napinsp.dll
0x00007ffab0f70000 - 0x00007ffab0f8a000 	C:\WINDOWS\system32\pnrpnsp.dll
0x00007ffad7fd0000 - 0x00007ffad7fec000 	C:\WINDOWS\system32\NLAapi.dll
0x00007ffadad20000 - 0x00007ffadad5a000 	C:\WINDOWS\SYSTEM32\IPHLPAPI.DLL
0x00007ffab4430000 - 0x00007ffab4445000 	C:\WINDOWS\system32\wshbth.dll
0x00007ffadad70000 - 0x00007ffadae3b000 	C:\WINDOWS\SYSTEM32\DNSAPI.dll
0x00007ffadde50000 - 0x00007ffadde58000 	C:\WINDOWS\System32\NSI.dll
0x00007ffab0f60000 - 0x00007ffab0f6e000 	C:\WINDOWS\System32\winrnr.dll
0x00007ffaca140000 - 0x00007ffaca14a000 	C:\Windows\System32\rasadhlp.dll
0x00007ffad1870000 - 0x00007ffad18e7000 	C:\WINDOWS\System32\fwpuclnt.dll
0x00007ffadc800000 - 0x00007ffadc826000 	C:\WINDOWS\System32\bcrypt.dll

dbghelp: loaded successfully - version: 4.0.5 - missing functions: none
symbol engine: initialized successfully - sym options: 0x614 - pdb path: .;C:\Program Files\Java\jdk-11\bin;C:\WINDOWS\SYSTEM32;C:\WINDOWS\WinSxS\amd64_microsoft.windows.common-controls_6595b64144ccf1df_6.0.18362.1082_none_9e8193e1e45b25c1;C:\Program Files\Java\jdk-11\bin\server;C:\Program Files\JetBrains\IntelliJ IDEA 2020.2.1\bin

VM Arguments:
jvm_args: -ea -Didea.test.cyclic.buffer.size=1048576 -javaagent:C:\Program Files\JetBrains\IntelliJ IDEA 2020.2.1\lib\idea_rt.jar=63422:C:\Program Files\JetBrains\IntelliJ IDEA 2020.2.1\bin -Dfile.encoding=UTF-8 
java_command: com.intellij.rt.junit.JUnitStarter -ideVersion5 -junit5 es.upm.miw.apaw_practice.adapters.mongodb.article.daos.AuthorEntityRepositoryIT
java_class_path (initial): C:\Program Files\JetBrains\IntelliJ IDEA 2020.2.1\lib\idea_rt.jar;C:\Users\KINGBOOK T96E\.m2\repository\org\junit\platform\junit-platform-launcher\1.6.2\junit-platform-launcher-1.6.2.jar;C:\Program Files\JetBrains\IntelliJ IDEA 2020.2.1\plugins\junit\lib\junit5-rt.jar;C:\Program Files\JetBrains\IntelliJ IDEA 2020.2.1\plugins\junit\lib\junit-rt.jar;D:\workspace\apaw-practice\target\test-classes;D:\workspace\apaw-practice\target\classes;C:\Users\KINGBOOK T96E\.m2\repository\org\springframework\boot\spring-boot-starter-webflux\2.3.3.RELEASE\spring-boot-starter-webflux-2.3.3.RELEASE.jar;C:\Users\KINGBOOK T96E\.m2\repository\org\springframework\boot\spring-boot-starter\2.3.3.RELEASE\spring-boot-starter-2.3.3.RELEASE.jar;C:\Users\KINGBOOK T96E\.m2\repository\org\springframework\boot\spring-boot\2.3.3.RELEASE\spring-boot-2.3.3.RELEASE.jar;C:\Users\KINGBOOK T96E\.m2\repository\org\springframework\boot\spring-boot-autoconfigure\2.3.3.RELEASE\spring-boot-autoconfigure-2.3.3.RELEASE.jar;C:\Users\KINGBOOK T96E\.m2\repository\org\springframework\boot\spring-boot-starter-logging\2.3.3.RELEASE\spring-boot-starter-logging-2.3.3.RELEASE.jar;C:\Users\KINGBOOK T96E\.m2\repository\ch\qos\logback\logback-classic\1.2.3\logback-classic-1.2.3.jar;C:\Users\KINGBOOK T96E\.m2\repository\ch\qos\logback\logback-core\1.2.3\logback-core-1.2.3.jar;C:\Users\KINGBOOK T96E\.m2\repository\org\apache\logging\log4j\log4j-to-slf4j\2.13.3\log4j-to-slf4j-2.13.3.jar;C:\Users\KINGBOOK T96E\.m2\repository\org\apache\logging\log4j\log4j-api\2.13.3\log4j-api-2.13.3.jar;C:\Users\KINGBOOK T96E\.m2\repository\org\slf4j\jul-to-slf4j\1.7.30\jul-to-slf4j-1.7.30.jar;C:\Users\KINGBOOK T96E\.m2\repository\jakarta\annotation\jakarta.annotation-api\1.3.5\jakarta.annotation-api-1.3.5.jar;C:\Users\KINGBOOK T96E\.m2\repository\org\yaml\snakeyaml\1.26\snakeyaml-1.26.jar;C:\Users\KINGBOOK T96E\.m2\repository\org\springframework\boot\spring-boot-starter-json\2.3.3.RELEASE\spring-boot-starter-json-2.
Launcher Type: SUN_STANDARD

[Global flags]
     intx CICompilerCount                          = 4                                         {product} {ergonomic}
     uint ConcGCThreads                            = 3                                         {product} {ergonomic}
     uint G1ConcRefinementThreads                  = 10                                        {product} {ergonomic}
   size_t G1HeapRegionSize                         = 1048576                                   {product} {ergonomic}
    uintx GCDrainStackTargetSize                   = 64                                        {product} {ergonomic}
   size_t InitialHeapSize                          = 266338304                                 {product} {ergonomic}
   size_t MarkStackSize                            = 4194304                                   {product} {ergonomic}
   size_t MaxHeapSize                              = 4255121408                                {product} {ergonomic}
   size_t MaxNewSize                               = 2552233984                                {product} {ergonomic}
   size_t MinHeapDeltaBytes                        = 1048576                                   {product} {ergonomic}
    uintx NonNMethodCodeHeapSize                   = 5835340                                {pd product} {ergonomic}
    uintx NonProfiledCodeHeapSize                  = 122911450                              {pd product} {ergonomic}
    uintx ProfiledCodeHeapSize                     = 122911450                              {pd product} {ergonomic}
    uintx ReservedCodeCacheSize                    = 251658240                              {pd product} {ergonomic}
     bool SegmentedCodeCache                       = true                                      {product} {ergonomic}
     bool UseCompressedClassPointers               = true                                 {lp64_product} {ergonomic}
     bool UseCompressedOops                        = true                                 {lp64_product} {ergonomic}
     bool UseG1GC                                  = true                                      {product} {ergonomic}
     bool UseLargePagesIndividualAllocation        = false                                  {pd product} {ergonomic}

Logging:
Log output configuration:
 #0: stdout all=warning uptime,level,tags
 #1: stderr all=off uptime,level,tags

Environment Variables:
JAVA_HOME=C:\Program Files\Java\jdk1.8.0_152
CLASSPATH=.;C:\Program Files\Java\jdk1.8.0_152\lib\dt.jar;C:\Program Files\Java\jdk1.8.0_152\lib\tools.jar
PATH=C:\Users\KINGBOOK T96E\.m2\wrapper\dists\apache-maven-3.6.3-bin\1iopthnavndlasol9gbrbg6bf2\apache-maven-3.6.3\bin;C:\Program Files (x86)\Common Files\Oracle\Java\javapath;C:\Program Files\Java\jdk1.8.0_152\bin;C:\ProgramData\Oracle\Java\javapath;C:\Program Files (x86)\Common Files\Intel\Shared Libraries\redist\intel64\compiler;C:\WINDOWS\system32;C:\WINDOWS;C:\WINDOWS\System32\Wbem;C:\WINDOWS\System32\WindowsPowerShell\v1.0\;C:\WINDOWS\System32\OpenSSH\;C:\Program Files (x86)\NVIDIA Corporation\PhysX\Common;C:\Program Files\NVIDIA Corporation\NVIDIA NvDLISR;C:\Program Files\Git\cmd;D:\Python37\Scripts\;D:\Python37\;C:\Users\KINGBOOK T96E\AppData\Local\Microsoft\WindowsApps;C:\Users\KINGBOOK T96E\.m2\wrapper\dists\apache-maven-3.6.3-bin\1iopthnavndlasol9gbrbg6bf2\apache-maven-3.6.3\bin;
USERNAME=KINGBOOK T96E
OS=Windows_NT
PROCESSOR_IDENTIFIER=Intel64 Family 6 Model 158 Stepping 10, GenuineIntel



---------------  S Y S T E M  ---------------

OS: Windows 10 , 64 bit Build 18362 (10.0.18362.1082)

CPU:total 12 (initial active 12) (6 cores per cpu, 2 threads per core) family 6 model 158 stepping 10, cmov, cx8, fxsr, mmx, sse, sse2, sse3, ssse3, sse4.1, sse4.2, popcnt, avx, avx2, aes, clmul, erms, 3dnowpref, lzcnt, ht, tsc, tscinvbit, bmi1, bmi2, adx, fma

Memory: 4k page, system-wide physical 16230M (605M free)
TotalPageFile size 31381M (AvailPageFile size 6M)
current process WorkingSet (physical memory assigned to process): 252M, peak: 252M
current process commit charge ("private bytes"): 458M, peak: 459M

vm_info: Java HotSpot(TM) 64-Bit Server VM (11+28) for windows-amd64 JRE (11+28), built on Aug 23 2018 03:03:59 by "mach5one" with MS VC++ 15.5 (VS2017)

END.
